s03p31b201-master/Navigation/app/build/intermediates/manifest_merge_blame_file/debug/manifest-merger-blame-debug-report.txt
1<?xml version="1.0" encoding="utf-8"?>
2<manifest xmlns:android="http://schemas.android.com/apk/res/android"
3    package="com.example.myapplication"
4    android:versionCode="1"
5    android:versionName="1.0" >
6
7    <uses-sdk
8        android:minSdkVersion="16"
8-->src\main\AndroidManifest.xml
9        android:targetSdkVersion="30" />
9-->src\main\AndroidManifest.xml
10
11    <uses-permission android:name="android.permission.ACCESS_FINE_LOCATION" />
11-->src\main\AndroidManifest.xml:4:5-79
11-->src\main\AndroidManifest.xml:4:22-76
12    <uses-permission android:name="android.permission.ACCESS_COARSE_LOCATION" />
12-->src\main\AndroidManifest.xml:5:5-81
12-->src\main\AndroidManifest.xml:5:22-78
13    <uses-permission android:name="android.permission.INTERNET" />
13-->src\main\AndroidManifest.xml:6:5-67
13-->src\main\AndroidManifest.xml:6:22-64
14    <uses-permission android:name="android.permission.WRITE_EXTERNAL_STORAGE" />
14-->src\main\AndroidManifest.xml:7:5-81
14-->src\main\AndroidManifest.xml:7:22-78
15    <uses-permission android:name="android.permission.READ_EXTERNAL_STORAGE" />
15-->src\main\AndroidManifest.xml:8:5-80
15-->src\main\AndroidManifest.xml:8:22-77
16    <uses-permission android:name="android.permission.CAMERA" />
16-->src\main\AndroidManifest.xml:9:5-64
16-->src\main\AndroidManifest.xml:9:22-62
17
18    <!-- Include required permissions for Google Maps API to run. -->
19    <uses-permission android:name="android.permission.ACCESS_NETWORK_STATE" />
19-->[com.google.android.gms:play-services-maps:17.0.0] AndroidManifest.xml:23:5-79
19-->[com.google.android.gms:play-services-maps:17.0.0] AndroidManifest.xml:23:22-76
20
21    <uses-feature
21-->[com.google.android.gms:play-services-maps:17.0.0] AndroidManifest.xml:26:5-28:35
22        android:glEsVersion="0x00020000"
22-->[com.google.android.gms:play-services-maps:17.0.0] AndroidManifest.xml:27:9-41
23        android:required="true" />
23-->[com.google.android.gms:play-services-maps:17.0.0] AndroidManifest.xml:28:9-32
24
25    <application
25-->src\main\AndroidManifest.xml:11:5-37:19
26        android:allowBackup="true"
26-->src\main\AndroidManifest.xml:12:13-39
27        android:appComponentFactory="androidx.core.app.CoreComponentFactory"
27-->[androidx.core:core:1.3.1] AndroidManifest.xml:24:18-86
28        android:debuggable="true"
29        android:icon="@mipmap/ic_launcher"
29-->src\main\AndroidManifest.xml:13:13-47
30        android:label="@string/app_name"
30-->src\main\AndroidManifest.xml:14:13-45
31        android:roundIcon="@mipmap/ic_launcher_round"
31-->src\main\AndroidManifest.xml:15:13-58
32        android:supportsRtl="true"
32-->src\main\AndroidManifest.xml:16:13-39
33        android:testOnly="true"
34        android:theme="@style/Theme.MyApplication22" >
34-->src\main\AndroidManifest.xml:17:13-57
35        <meta-data
35-->src\main\AndroidManifest.xml:20:9-22:73
36            android:name="com.google.android.gms.version"
36-->src\main\AndroidManifest.xml:21:17-62
37            android:value="@integer/google_play_services_version" /> <!-- The API key for Google Maps-based APIs. -->
37-->src\main\AndroidManifest.xml:22:17-70
38        <meta-data
38-->src\main\AndroidManifest.xml:23:9-25:59
39            android:name="com.google.android.geo.API_KEY"
39-->src\main\AndroidManifest.xml:24:17-62
40            android:value="@string/google_maps_key" />
40-->src\main\AndroidManifest.xml:25:17-56
41
42        <activity
42-->src\main\AndroidManifest.xml:27:9-36:20
43            android:name="com.example.myapplication22.MainActivity"
43-->src\main\AndroidManifest.xml:28:17-45
44            android:label="@string/app_name"
44-->src\main\AndroidManifest.xml:29:17-49
45            android:theme="@style/Theme.MyApplication22.NoActionBar" >
45-->src\main\AndroidManifest.xml:30:17-73
46            <intent-filter>
46-->src\main\AndroidManifest.xml:31:13-35:29
47                <action android:name="android.intent.action.MAIN" />
47-->src\main\AndroidManifest.xml:32:17-69
47-->src\main\AndroidManifest.xml:32:25-66
48
49                <category android:name="android.intent.category.LAUNCHER" />
49-->src\main\AndroidManifest.xml:34:17-77
49-->src\main\AndroidManifest.xml:34:27-74
50            </intent-filter>
51        </activity>
52        <!-- Needs to be explicitly declared on P+ -->
53        <uses-library
53-->[com.google.android.gms:play-services-maps:17.0.0] AndroidManifest.xml:33:9-35:40
54            android:name="org.apache.http.legacy"
54-->[com.google.android.gms:play-services-maps:17.0.0] AndroidManifest.xml:34:13-50
55            android:required="false" />
55-->[com.google.android.gms:play-services-maps:17.0.0] AndroidManifest.xml:35:13-37
56
57        <activity
57-->[com.google.android.gms:play-services-base:17.3.0] AndroidManifest.xml:23:9-26:75
58            android:name="com.google.android.gms.common.api.GoogleApiActivity"
58-->[com.google.android.gms:play-services-base:17.3.0] AndroidManifest.xml:24:13-79
59            android:exported="false"
59-->[com.google.android.gms:play-services-base:17.3.0] AndroidManifest.xml:25:13-37
60            android:theme="@android:style/Theme.Translucent.NoTitleBar" />
60-->[com.google.android.gms:play-services-base:17.3.0] AndroidManifest.xml:26:13-72
61
62        <provider
62-->[com.squareup.picasso:picasso:2.71828] AndroidManifest.xml:8:9-11:40
63            android:name="com.squareup.picasso.PicassoProvider"
63-->[com.squareup.picasso:picasso:2.71828] AndroidManifest.xml:9:13-64
64            android:authorities="com.example.myapplication.com.squareup.picasso"
64-->[com.squareup.picasso:picasso:2.71828] AndroidManifest.xml:10:13-72
65            android:exported="false" />
65-->[com.squareup.picasso:picasso:2.71828] AndroidManifest.xml:11:13-37
66    </application>
67
68</manifest>